     Checking data...
     
     VESSEL VELOCITIES:
     ******************
     
     Number of velocities:            NOVEL  =   1
     
     Velocity (knots)            Froude number (-)
     ---------------------------------------------
             0.00                    0.000
     ---------------------------------------------
     
     Generating new offsetpoints...
     
     INFO: Section  41 (from stern) is out of water. Amount: 5.957 m
     INFO: Section  40 (from stern) is out of water. Amount: 3.636 m
     INFO: Section  39 (from stern) is out of water. Amount: 0.783 m
     INFO: Section   1 (from stern) is out of water. Amount: 0.054 m
     
     Calculating hydrostatic properties..
     
     DATA-CHECK PROPERTIES
     *********************
     
     Main dimensions (from input):
     ______________________________________________________________
     
     Length between perpendiculars    (m)     82.800
     Breadth                          (m)     19.200
     Draught, midship                 (m)      6.000
     Sinkage                          (m)      0.000
     Trim, + = aft                  (deg)      0.000
     ______________________________________________________________
     
     Coefficients for data check etc.:
     Type                                  Specified    Calculated
     ______________________________________________________________
     
     Displacement                (tonnes)    6360.00       6362.21*
     Vertical center of bouyancy,     KB                     3.334*
     Vertical center of gravity,      VCG      7.300*
     Longitudinal center of bouyancy, LCB                   36.014*
     Longitudinal center of gravity,  LCG     36.000        36.014*
     Block coefficient,               Cb       0.650         0.651
     Water plane area coefficient,    Cw       0.871         0.870
     Prismatic coefficient,           Cp                     0.656
     Mid section area coefficient,    Cm       0.993         0.990*
     Longitudinal metacentric height, GMl                  103.628*
     Transverse metacentric height,   GMt                    2.144*
     Roll radius of gyration,         r44      6.720*
     Pitch radius of gyration,        r55     20.700*
     Yaw radius of gyration,          r66     20.700*
     Roll-yaw radius of gyration,     r46      0.000*
     ______________________________________________________________
     
     * - Applied in the hydrodynamic calculations
     
     Calculating hydrodynamic coefficients for velocity # 1;     0.00 knots:
     21:57:30.20  Period #01 :  60.00 sec ;    Heading #01 :   0.00 deg
     21:57:30.71  Period #02 :  30.00 sec ;    Heading #01 :   0.00 deg
     21:57:31.23  Period #03 :  25.00 sec ;    Heading #01 :   0.00 deg
     21:57:31.73  Period #04 :  20.00 sec ;    Heading #01 :   0.00 deg
     21:57:32.23  Period #05 :  19.00 sec ;    Heading #01 :   0.00 deg
     21:57:32.73  Period #06 :  18.00 sec ;    Heading #01 :   0.00 deg
     21:57:33.21  Period #07 :  17.00 sec ;    Heading #01 :   0.00 deg
     21:57:33.71  Period #08 :  16.00 sec ;    Heading #01 :   0.00 deg
     21:57:34.21  Period #09 :  15.50 sec ;    Heading #01 :   0.00 deg
     21:57:34.71  Period #10 :  15.00 sec ;    Heading #01 :   0.00 deg
     21:57:35.26  Period #11 :  14.50 sec ;    Heading #01 :   0.00 deg
     21:57:35.76  Period #12 :  14.00 sec ;    Heading #01 :   0.00 deg
     21:57:36.26  Period #13 :  13.50 sec ;    Heading #01 :   0.00 deg
     21:57:36.79  Period #14 :  13.00 sec ;    Heading #01 :   0.00 deg
     21:57:37.29  Period #15 :  12.50 sec ;    Heading #01 :   0.00 deg
     21:57:37.78  Period #16 :  12.00 sec ;    Heading #01 :   0.00 deg
     21:57:38.28  Period #17 :  11.50 sec ;    Heading #01 :   0.00 deg
     21:57:38.78  Period #18 :  11.00 sec ;    Heading #01 :   0.00 deg
     21:57:39.28  Period #19 :  10.50 sec ;    Heading #01 :   0.00 deg
     21:57:39.76  Period #20 :  10.00 sec ;    Heading #01 :   0.00 deg
     21:57:40.28  Period #21 :   9.50 sec ;    Heading #01 :   0.00 deg
     21:57:40.78  Period #22 :   9.00 sec ;    Heading #01 :   0.00 deg
     21:57:41.28  Period #23 :   8.50 sec ;    Heading #01 :   0.00 deg
     21:57:41.78  Period #24 :   8.00 sec ;    Heading #01 :   0.00 deg
     21:57:42.28  Period #25 :   7.50 sec ;    Heading #01 :   0.00 deg
     21:57:42.76  Period #26 :   7.00 sec ;    Heading #01 :   0.00 deg
     21:57:43.26  Period #27 :   6.50 sec ;    Heading #01 :   0.00 deg
     21:57:43.76  Period #28 :   6.00 sec ;    Heading #01 :   0.00 deg
     21:57:44.25  Period #29 :   5.50 sec ;    Heading #01 :   0.00 deg
     21:57:44.75  Period #30 :   5.00 sec ;    Heading #01 :   0.00 deg
     21:57:45.25  Period #31 :   4.50 sec ;    Heading #01 :   0.00 deg
     21:57:45.75  Period #32 :   4.00 sec ;    Heading #01 :   0.00 deg
     21:57:46.23  Period #33 :   3.50 sec ;    Heading #01 :   0.00 deg
     21:57:46.71  Period #34 :   3.00 sec ;    Heading #01 :   0.00 deg
     21:57:47.21  Period #35 :   2.50 sec ;    Heading #01 :   0.00 deg
     21:57:47.71  Period #36 :   2.00 sec ;    Heading #01 :   0.00 deg
     21:57:48.21  Period #01 :  60.00 sec ;    Heading #02 :  10.00 deg
     21:57:48.73  Period #02 :  30.00 sec ;    Heading #02 :  10.00 deg
     21:57:49.25  Period #03 :  25.00 sec ;    Heading #02 :  10.00 deg
     21:57:49.75  Period #04 :  20.00 sec ;    Heading #02 :  10.00 deg
     21:57:50.26  Period #05 :  19.00 sec ;    Heading #02 :  10.00 deg
     21:57:50.76  Period #06 :  18.00 sec ;    Heading #02 :  10.00 deg
     21:57:51.28  Period #07 :  17.00 sec ;    Heading #02 :  10.00 deg
     21:57:51.78  Period #08 :  16.00 sec ;    Heading #02 :  10.00 deg
     21:57:52.29  Period #09 :  15.50 sec ;    Heading #02 :  10.00 deg
     21:57:52.79  Period #10 :  15.00 sec ;    Heading #02 :  10.00 deg
     21:57:53.31  Period #11 :  14.50 sec ;    Heading #02 :  10.00 deg
     21:57:53.82  Period #12 :  14.00 sec ;    Heading #02 :  10.00 deg
     21:57:54.32  Period #13 :  13.50 sec ;    Heading #02 :  10.00 deg
     21:57:54.82  Period #14 :  13.00 sec ;    Heading #02 :  10.00 deg
     21:57:55.34  Period #15 :  12.50 sec ;    Heading #02 :  10.00 deg
     21:57:55.84  Period #16 :  12.00 sec ;    Heading #02 :  10.00 deg
     21:57:56.34  Period #17 :  11.50 sec ;    Heading #02 :  10.00 deg
     21:57:56.85  Period #18 :  11.00 sec ;    Heading #02 :  10.00 deg
     21:57:57.37  Period #19 :  10.50 sec ;    Heading #02 :  10.00 deg
     21:57:57.89  Period #20 :  10.00 sec ;    Heading #02 :  10.00 deg
     21:57:58.39  Period #21 :   9.50 sec ;    Heading #02 :  10.00 deg
     21:57:58.90  Period #22 :   9.00 sec ;    Heading #02 :  10.00 deg
     21:57:59.40  Period #23 :   8.50 sec ;    Heading #02 :  10.00 deg
     21:57:59.90  Period #24 :   8.00 sec ;    Heading #02 :  10.00 deg
     21:58:00.42  Period #25 :   7.50 sec ;    Heading #02 :  10.00 deg
     21:58:00.93  Period #26 :   7.00 sec ;    Heading #02 :  10.00 deg
     21:58:01.45  Period #27 :   6.50 sec ;    Heading #02 :  10.00 deg
     21:58:01.95  Period #28 :   6.00 sec ;    Heading #02 :  10.00 deg
     21:58:02.45  Period #29 :   5.50 sec ;    Heading #02 :  10.00 deg
     21:58:02.95  Period #30 :   5.00 sec ;    Heading #02 :  10.00 deg
     21:58:03.45  Period #31 :   4.50 sec ;    Heading #02 :  10.00 deg
     21:58:03.96  Period #32 :   4.00 sec ;    Heading #02 :  10.00 deg
     21:58:04.46  Period #33 :   3.50 sec ;    Heading #02 :  10.00 deg
     21:58:04.98  Period #34 :   3.00 sec ;    Heading #02 :  10.00 deg
     21:58:05.48  Period #35 :   2.50 sec ;    Heading #02 :  10.00 deg
     21:58:06.00  Period #36 :   2.00 sec ;    Heading #02 :  10.00 deg
     21:58:06.51  Period #01 :  60.00 sec ;    Heading #03 :  20.00 deg
     21:58:07.03  Period #02 :  30.00 sec ;    Heading #03 :  20.00 deg
     21:58:07.53  Period #03 :  25.00 sec ;    Heading #03 :  20.00 deg
     21:58:08.03  Period #04 :  20.00 sec ;    Heading #03 :  20.00 deg
     21:58:08.54  Period #05 :  19.00 sec ;    Heading #03 :  20.00 deg
     21:58:09.04  Period #06 :  18.00 sec ;    Heading #03 :  20.00 deg
     21:58:09.56  Period #07 :  17.00 sec ;    Heading #03 :  20.00 deg
     21:58:10.06  Period #08 :  16.00 sec ;    Heading #03 :  20.00 deg
     21:58:10.57  Period #09 :  15.50 sec ;    Heading #03 :  20.00 deg
     21:58:11.07  Period #10 :  15.00 sec ;    Heading #03 :  20.00 deg
     21:58:11.57  Period #11 :  14.50 sec ;    Heading #03 :  20.00 deg
     21:58:12.07  Period #12 :  14.00 sec ;    Heading #03 :  20.00 deg
     21:58:12.57  Period #13 :  13.50 sec ;    Heading #03 :  20.00 deg
     21:58:13.07  Period #14 :  13.00 sec ;    Heading #03 :  20.00 deg
     21:58:13.57  Period #15 :  12.50 sec ;    Heading #03 :  20.00 deg
     21:58:14.07  Period #16 :  12.00 sec ;    Heading #03 :  20.00 deg
     21:58:14.57  Period #17 :  11.50 sec ;    Heading #03 :  20.00 deg
     21:58:15.07  Period #18 :  11.00 sec ;    Heading #03 :  20.00 deg
     21:58:15.59  Period #19 :  10.50 sec ;    Heading #03 :  20.00 deg
     21:58:16.09  Period #20 :  10.00 sec ;    Heading #03 :  20.00 deg
     21:58:16.59  Period #21 :   9.50 sec ;    Heading #03 :  20.00 deg
     21:58:17.10  Period #22 :   9.00 sec ;    Heading #03 :  20.00 deg
     21:58:17.60  Period #23 :   8.50 sec ;    Heading #03 :  20.00 deg
     21:58:18.12  Period #24 :   8.00 sec ;    Heading #03 :  20.00 deg
     21:58:18.64  Period #25 :   7.50 sec ;    Heading #03 :  20.00 deg
     21:58:19.14  Period #26 :   7.00 sec ;    Heading #03 :  20.00 deg
     21:58:19.65  Period #27 :   6.50 sec ;    Heading #03 :  20.00 deg
     21:58:20.15  Period #28 :   6.00 sec ;    Heading #03 :  20.00 deg
     21:58:20.65  Period #29 :   5.50 sec ;    Heading #03 :  20.00 deg
     21:58:21.15  Period #30 :   5.00 sec ;    Heading #03 :  20.00 deg
     21:58:21.65  Period #31 :   4.50 sec ;    Heading #03 :  20.00 deg
     21:58:22.17  Period #32 :   4.00 sec ;    Heading #03 :  20.00 deg
     21:58:22.67  Period #33 :   3.50 sec ;    Heading #03 :  20.00 deg
     21:58:23.17  Period #34 :   3.00 sec ;    Heading #03 :  20.00 deg
     21:58:23.67  Period #35 :   2.50 sec ;    Heading #03 :  20.00 deg
     21:58:24.18  Period #36 :   2.00 sec ;    Heading #03 :  20.00 deg
     21:58:24.68  Period #01 :  60.00 sec ;    Heading #04 :  30.00 deg
     21:58:25.20  Period #02 :  30.00 sec ;    Heading #04 :  30.00 deg
     21:58:25.73  Period #03 :  25.00 sec ;    Heading #04 :  30.00 deg
     21:58:26.23  Period #04 :  20.00 sec ;    Heading #04 :  30.00 deg
     21:58:26.73  Period #05 :  19.00 sec ;    Heading #04 :  30.00 deg
     21:58:27.23  Period #06 :  18.00 sec ;    Heading #04 :  30.00 deg
     21:58:27.75  Period #07 :  17.00 sec ;    Heading #04 :  30.00 deg
     21:58:28.25  Period #08 :  16.00 sec ;    Heading #04 :  30.00 deg
     21:58:28.75  Period #09 :  15.50 sec ;    Heading #04 :  30.00 deg
     21:58:29.25  Period #10 :  15.00 sec ;    Heading #04 :  30.00 deg
     21:58:29.76  Period #11 :  14.50 sec ;    Heading #04 :  30.00 deg
     21:58:30.25  Period #12 :  14.00 sec ;    Heading #04 :  30.00 deg
     21:58:30.76  Period #13 :  13.50 sec ;    Heading #04 :  30.00 deg
     21:58:31.26  Period #14 :  13.00 sec ;    Heading #04 :  30.00 deg
     21:58:31.76  Period #15 :  12.50 sec ;    Heading #04 :  30.00 deg
     21:58:32.26  Period #16 :  12.00 sec ;    Heading #04 :  30.00 deg
     21:58:32.76  Period #17 :  11.50 sec ;    Heading #04 :  30.00 deg
     21:58:33.26  Period #18 :  11.00 sec ;    Heading #04 :  30.00 deg
     21:58:33.78  Period #19 :  10.50 sec ;    Heading #04 :  30.00 deg
     21:58:34.28  Period #20 :  10.00 sec ;    Heading #04 :  30.00 deg
     21:58:34.79  Period #21 :   9.50 sec ;    Heading #04 :  30.00 deg
     21:58:35.29  Period #22 :   9.00 sec ;    Heading #04 :  30.00 deg
     21:58:35.81  Period #23 :   8.50 sec ;    Heading #04 :  30.00 deg
     21:58:36.34  Period #24 :   8.00 sec ;    Heading #04 :  30.00 deg
     21:58:36.84  Period #25 :   7.50 sec ;    Heading #04 :  30.00 deg
     21:58:37.35  Period #26 :   7.00 sec ;    Heading #04 :  30.00 deg
     21:58:37.85  Period #27 :   6.50 sec ;    Heading #04 :  30.00 deg
     21:58:38.35  Period #28 :   6.00 sec ;    Heading #04 :  30.00 deg
     21:58:38.85  Period #29 :   5.50 sec ;    Heading #04 :  30.00 deg
     21:58:39.35  Period #30 :   5.00 sec ;    Heading #04 :  30.00 deg
     21:58:39.87  Period #31 :   4.50 sec ;    Heading #04 :  30.00 deg
     21:58:40.37  Period #32 :   4.00 sec ;    Heading #04 :  30.00 deg
     21:58:40.87  Period #33 :   3.50 sec ;    Heading #04 :  30.00 deg
     21:58:41.37  Period #34 :   3.00 sec ;    Heading #04 :  30.00 deg
     21:58:41.87  Period #35 :   2.50 sec ;    Heading #04 :  30.00 deg
     21:58:42.37  Period #36 :   2.00 sec ;    Heading #04 :  30.00 deg
     21:58:42.89  Period #01 :  60.00 sec ;    Heading #05 :  40.00 deg
     21:58:43.40  Period #02 :  30.00 sec ;    Heading #05 :  40.00 deg
     21:58:43.90  Period #03 :  25.00 sec ;    Heading #05 :  40.00 deg
     21:58:44.40  Period #04 :  20.00 sec ;    Heading #05 :  40.00 deg
     21:58:44.92  Period #05 :  19.00 sec ;    Heading #05 :  40.00 deg
     21:58:45.42  Period #06 :  18.00 sec ;    Heading #05 :  40.00 deg
     21:58:45.93  Period #07 :  17.00 sec ;    Heading #05 :  40.00 deg
     21:58:46.43  Period #08 :  16.00 sec ;    Heading #05 :  40.00 deg
     21:58:46.95  Period #09 :  15.50 sec ;    Heading #05 :  40.00 deg
     21:58:47.45  Period #10 :  15.00 sec ;    Heading #05 :  40.00 deg
     21:58:47.95  Period #11 :  14.50 sec ;    Heading #05 :  40.00 deg
     21:58:48.45  Period #12 :  14.00 sec ;    Heading #05 :  40.00 deg
     21:58:48.96  Period #13 :  13.50 sec ;    Heading #05 :  40.00 deg
     21:58:49.46  Period #14 :  13.00 sec ;    Heading #05 :  40.00 deg
     21:58:49.96  Period #15 :  12.50 sec ;    Heading #05 :  40.00 deg
     21:58:50.45  Period #16 :  12.00 sec ;    Heading #05 :  40.00 deg
     21:58:50.95  Period #17 :  11.50 sec ;    Heading #05 :  40.00 deg
     21:58:51.45  Period #18 :  11.00 sec ;    Heading #05 :  40.00 deg
     21:58:51.96  Period #19 :  10.50 sec ;    Heading #05 :  40.00 deg
     21:58:52.46  Period #20 :  10.00 sec ;    Heading #05 :  40.00 deg
     21:58:52.98  Period #21 :   9.50 sec ;    Heading #05 :  40.00 deg
     21:58:53.50  Period #22 :   9.00 sec ;    Heading #05 :  40.00 deg
     21:58:54.01  Period #23 :   8.50 sec ;    Heading #05 :  40.00 deg
     21:58:54.51  Period #24 :   8.00 sec ;    Heading #05 :  40.00 deg
     21:58:55.03  Period #25 :   7.50 sec ;    Heading #05 :  40.00 deg
     21:58:55.53  Period #26 :   7.00 sec ;    Heading #05 :  40.00 deg
     21:58:56.04  Period #27 :   6.50 sec ;    Heading #05 :  40.00 deg
     21:58:56.54  Period #28 :   6.00 sec ;    Heading #05 :  40.00 deg
     21:58:57.04  Period #29 :   5.50 sec ;    Heading #05 :  40.00 deg
     21:58:57.54  Period #30 :   5.00 sec ;    Heading #05 :  40.00 deg
     21:58:58.07  Period #31 :   4.50 sec ;    Heading #05 :  40.00 deg
     21:58:58.57  Period #32 :   4.00 sec ;    Heading #05 :  40.00 deg
     21:58:59.07  Period #33 :   3.50 sec ;    Heading #05 :  40.00 deg
     21:58:59.57  Period #34 :   3.00 sec ;    Heading #05 :  40.00 deg
     21:59:00.09  Period #35 :   2.50 sec ;    Heading #05 :  40.00 deg
     21:59:00.60  Period #36 :   2.00 sec ;    Heading #05 :  40.00 deg
     21:59:01.10  Period #01 :  60.00 sec ;    Heading #06 :  50.00 deg
     21:59:01.62  Period #02 :  30.00 sec ;    Heading #06 :  50.00 deg
     21:59:02.12  Period #03 :  25.00 sec ;    Heading #06 :  50.00 deg
     21:59:02.64  Period #04 :  20.00 sec ;    Heading #06 :  50.00 deg
     21:59:03.14  Period #05 :  19.00 sec ;    Heading #06 :  50.00 deg
     21:59:03.65  Period #06 :  18.00 sec ;    Heading #06 :  50.00 deg
     21:59:04.17  Period #07 :  17.00 sec ;    Heading #06 :  50.00 deg
     21:59:04.67  Period #08 :  16.00 sec ;    Heading #06 :  50.00 deg
     21:59:05.20  Period #09 :  15.50 sec ;    Heading #06 :  50.00 deg
     21:59:05.70  Period #10 :  15.00 sec ;    Heading #06 :  50.00 deg
     21:59:06.20  Period #11 :  14.50 sec ;    Heading #06 :  50.00 deg
     21:59:06.71  Period #12 :  14.00 sec ;    Heading #06 :  50.00 deg
     21:59:07.21  Period #13 :  13.50 sec ;    Heading #06 :  50.00 deg
     21:59:07.71  Period #14 :  13.00 sec ;    Heading #06 :  50.00 deg
     21:59:08.21  Period #15 :  12.50 sec ;    Heading #06 :  50.00 deg
     21:59:08.71  Period #16 :  12.00 sec ;    Heading #06 :  50.00 deg
     21:59:09.23  Period #17 :  11.50 sec ;    Heading #06 :  50.00 deg
     21:59:09.73  Period #18 :  11.00 sec ;    Heading #06 :  50.00 deg
     21:59:10.25  Period #19 :  10.50 sec ;    Heading #06 :  50.00 deg
     21:59:10.76  Period #20 :  10.00 sec ;    Heading #06 :  50.00 deg
     21:59:11.29  Period #21 :   9.50 sec ;    Heading #06 :  50.00 deg
     21:59:11.82  Period #22 :   9.00 sec ;    Heading #06 :  50.00 deg
     21:59:12.37  Period #23 :   8.50 sec ;    Heading #06 :  50.00 deg
     21:59:12.93  Period #24 :   8.00 sec ;    Heading #06 :  50.00 deg
     21:59:13.45  Period #25 :   7.50 sec ;    Heading #06 :  50.00 deg
     21:59:14.14  Period #26 :   7.00 sec ;    Heading #06 :  50.00 deg
     21:59:14.68  Period #27 :   6.50 sec ;    Heading #06 :  50.00 deg
     21:59:15.21  Period #28 :   6.00 sec ;    Heading #06 :  50.00 deg
     21:59:15.75  Period #29 :   5.50 sec ;    Heading #06 :  50.00 deg
     21:59:16.28  Period #30 :   5.00 sec ;    Heading #06 :  50.00 deg
     21:59:16.81  Period #31 :   4.50 sec ;    Heading #06 :  50.00 deg
     21:59:17.34  Period #32 :   4.00 sec ;    Heading #06 :  50.00 deg
     21:59:17.84  Period #33 :   3.50 sec ;    Heading #06 :  50.00 deg
     21:59:18.35  Period #34 :   3.00 sec ;    Heading #06 :  50.00 deg
     21:59:18.87  Period #35 :   2.50 sec ;    Heading #06 :  50.00 deg
     21:59:19.40  Period #36 :   2.00 sec ;    Heading #06 :  50.00 deg
     21:59:19.93  Period #01 :  60.00 sec ;    Heading #07 :  60.00 deg
     21:59:20.50  Period #02 :  30.00 sec ;    Heading #07 :  60.00 deg
     21:59:21.03  Period #03 :  25.00 sec ;    Heading #07 :  60.00 deg
     21:59:21.57  Period #04 :  20.00 sec ;    Heading #07 :  60.00 deg
     21:59:22.09  Period #05 :  19.00 sec ;    Heading #07 :  60.00 deg
     21:59:22.62  Period #06 :  18.00 sec ;    Heading #07 :  60.00 deg
     21:59:23.12  Period #07 :  17.00 sec ;    Heading #07 :  60.00 deg
     21:59:23.62  Period #08 :  16.00 sec ;    Heading #07 :  60.00 deg
     21:59:24.14  Period #09 :  15.50 sec ;    Heading #07 :  60.00 deg
     21:59:24.67  Period #10 :  15.00 sec ;    Heading #07 :  60.00 deg
     21:59:25.17  Period #11 :  14.50 sec ;    Heading #07 :  60.00 deg
     21:59:25.68  Period #12 :  14.00 sec ;    Heading #07 :  60.00 deg
     21:59:26.18  Period #13 :  13.50 sec ;    Heading #07 :  60.00 deg
     21:59:26.68  Period #14 :  13.00 sec ;    Heading #07 :  60.00 deg
     21:59:27.18  Period #15 :  12.50 sec ;    Heading #07 :  60.00 deg
     21:59:27.68  Period #16 :  12.00 sec ;    Heading #07 :  60.00 deg
     21:59:28.20  Period #17 :  11.50 sec ;    Heading #07 :  60.00 deg
     21:59:28.70  Period #18 :  11.00 sec ;    Heading #07 :  60.00 deg
     21:59:29.21  Period #19 :  10.50 sec ;    Heading #07 :  60.00 deg
     21:59:29.78  Period #20 :  10.00 sec ;    Heading #07 :  60.00 deg
     21:59:30.28  Period #21 :   9.50 sec ;    Heading #07 :  60.00 deg
     21:59:30.79  Period #22 :   9.00 sec ;    Heading #07 :  60.00 deg
     21:59:31.31  Period #23 :   8.50 sec ;    Heading #07 :  60.00 deg
     21:59:31.82  Period #24 :   8.00 sec ;    Heading #07 :  60.00 deg
     21:59:32.34  Period #25 :   7.50 sec ;    Heading #07 :  60.00 deg
     21:59:32.85  Period #26 :   7.00 sec ;    Heading #07 :  60.00 deg
     21:59:33.37  Period #27 :   6.50 sec ;    Heading #07 :  60.00 deg
     21:59:33.87  Period #28 :   6.00 sec ;    Heading #07 :  60.00 deg
     21:59:34.39  Period #29 :   5.50 sec ;    Heading #07 :  60.00 deg
     21:59:34.89  Period #30 :   5.00 sec ;    Heading #07 :  60.00 deg
     21:59:35.39  Period #31 :   4.50 sec ;    Heading #07 :  60.00 deg
     21:59:35.90  Period #32 :   4.00 sec ;    Heading #07 :  60.00 deg
     21:59:36.40  Period #33 :   3.50 sec ;    Heading #07 :  60.00 deg
     21:59:36.90  Period #34 :   3.00 sec ;    Heading #07 :  60.00 deg
     21:59:37.42  Period #35 :   2.50 sec ;    Heading #07 :  60.00 deg
     21:59:37.93  Period #36 :   2.00 sec ;    Heading #07 :  60.00 deg
     21:59:38.45  Period #01 :  60.00 sec ;    Heading #08 :  70.00 deg
     21:59:38.95  Period #02 :  30.00 sec ;    Heading #08 :  70.00 deg
     21:59:39.46  Period #03 :  25.00 sec ;    Heading #08 :  70.00 deg
     21:59:39.98  Period #04 :  20.00 sec ;    Heading #08 :  70.00 deg
     21:59:40.50  Period #05 :  19.00 sec ;    Heading #08 :  70.00 deg
     21:59:41.00  Period #06 :  18.00 sec ;    Heading #08 :  70.00 deg
     21:59:41.53  Period #07 :  17.00 sec ;    Heading #08 :  70.00 deg
     21:59:42.04  Period #08 :  16.00 sec ;    Heading #08 :  70.00 deg
     21:59:42.54  Period #09 :  15.50 sec ;    Heading #08 :  70.00 deg
     21:59:43.06  Period #10 :  15.00 sec ;    Heading #08 :  70.00 deg
     21:59:43.56  Period #11 :  14.50 sec ;    Heading #08 :  70.00 deg
     21:59:44.06  Period #12 :  14.00 sec ;    Heading #08 :  70.00 deg
     21:59:44.56  Period #13 :  13.50 sec ;    Heading #08 :  70.00 deg
     21:59:45.07  Period #14 :  13.00 sec ;    Heading #08 :  70.00 deg
     21:59:45.57  Period #15 :  12.50 sec ;    Heading #08 :  70.00 deg
     21:59:46.09  Period #16 :  12.00 sec ;    Heading #08 :  70.00 deg
     21:59:46.59  Period #17 :  11.50 sec ;    Heading #08 :  70.00 deg
     21:59:47.09  Period #18 :  11.00 sec ;    Heading #08 :  70.00 deg
     21:59:47.60  Period #19 :  10.50 sec ;    Heading #08 :  70.00 deg
     21:59:48.10  Period #20 :  10.00 sec ;    Heading #08 :  70.00 deg
     21:59:48.62  Period #21 :   9.50 sec ;    Heading #08 :  70.00 deg
     21:59:49.14  Period #22 :   9.00 sec ;    Heading #08 :  70.00 deg
     21:59:49.65  Period #23 :   8.50 sec ;    Heading #08 :  70.00 deg
     21:59:50.17  Period #24 :   8.00 sec ;    Heading #08 :  70.00 deg
     21:59:50.68  Period #25 :   7.50 sec ;    Heading #08 :  70.00 deg
     21:59:51.20  Period #26 :   7.00 sec ;    Heading #08 :  70.00 deg
     21:59:51.70  Period #27 :   6.50 sec ;    Heading #08 :  70.00 deg
     21:59:52.21  Period #28 :   6.00 sec ;    Heading #08 :  70.00 deg
     21:59:52.71  Period #29 :   5.50 sec ;    Heading #08 :  70.00 deg
     21:59:53.23  Period #30 :   5.00 sec ;    Heading #08 :  70.00 deg
     21:59:53.75  Period #31 :   4.50 sec ;    Heading #08 :  70.00 deg
     21:59:54.25  Period #32 :   4.00 sec ;    Heading #08 :  70.00 deg
     21:59:54.76  Period #33 :   3.50 sec ;    Heading #08 :  70.00 deg
     21:59:55.26  Period #34 :   3.00 sec ;    Heading #08 :  70.00 deg
     21:59:55.76  Period #35 :   2.50 sec ;    Heading #08 :  70.00 deg
     21:59:56.28  Period #36 :   2.00 sec ;    Heading #08 :  70.00 deg
     21:59:56.78  Period #01 :  60.00 sec ;    Heading #09 :  80.00 deg
     21:59:57.31  Period #02 :  30.00 sec ;    Heading #09 :  80.00 deg
     21:59:57.82  Period #03 :  25.00 sec ;    Heading #09 :  80.00 deg
     21:59:58.34  Period #04 :  20.00 sec ;    Heading #09 :  80.00 deg
     21:59:58.84  Period #05 :  19.00 sec ;    Heading #09 :  80.00 deg
     21:59:59.34  Period #06 :  18.00 sec ;    Heading #09 :  80.00 deg
     21:59:59.85  Period #07 :  17.00 sec ;    Heading #09 :  80.00 deg
     22:00:00.37  Period #08 :  16.00 sec ;    Heading #09 :  80.00 deg
     22:00:00.89  Period #09 :  15.50 sec ;    Heading #09 :  80.00 deg
     22:00:01.39  Period #10 :  15.00 sec ;    Heading #09 :  80.00 deg
     22:00:01.90  Period #11 :  14.50 sec ;    Heading #09 :  80.00 deg
     22:00:02.40  Period #12 :  14.00 sec ;    Heading #09 :  80.00 deg
     22:00:02.92  Period #13 :  13.50 sec ;    Heading #09 :  80.00 deg
     22:00:03.43  Period #14 :  13.00 sec ;    Heading #09 :  80.00 deg
     22:00:03.95  Period #15 :  12.50 sec ;    Heading #09 :  80.00 deg
     22:00:04.45  Period #16 :  12.00 sec ;    Heading #09 :  80.00 deg
     22:00:04.95  Period #17 :  11.50 sec ;    Heading #09 :  80.00 deg
     22:00:05.46  Period #18 :  11.00 sec ;    Heading #09 :  80.00 deg
     22:00:05.96  Period #19 :  10.50 sec ;    Heading #09 :  80.00 deg
     22:00:06.48  Period #20 :  10.00 sec ;    Heading #09 :  80.00 deg
     22:00:07.00  Period #21 :   9.50 sec ;    Heading #09 :  80.00 deg
     22:00:07.50  Period #22 :   9.00 sec ;    Heading #09 :  80.00 deg
     22:00:08.03  Period #23 :   8.50 sec ;    Heading #09 :  80.00 deg
     22:00:08.54  Period #24 :   8.00 sec ;    Heading #09 :  80.00 deg
     22:00:09.07  Period #25 :   7.50 sec ;    Heading #09 :  80.00 deg
     22:00:09.57  Period #26 :   7.00 sec ;    Heading #09 :  80.00 deg
     22:00:10.10  Period #27 :   6.50 sec ;    Heading #09 :  80.00 deg
     22:00:10.60  Period #28 :   6.00 sec ;    Heading #09 :  80.00 deg
     22:00:11.10  Period #29 :   5.50 sec ;    Heading #09 :  80.00 deg
     22:00:11.60  Period #30 :   5.00 sec ;    Heading #09 :  80.00 deg
     22:00:12.14  Period #31 :   4.50 sec ;    Heading #09 :  80.00 deg
     22:00:12.64  Period #32 :   4.00 sec ;    Heading #09 :  80.00 deg
     22:00:13.15  Period #33 :   3.50 sec ;    Heading #09 :  80.00 deg
     22:00:13.65  Period #34 :   3.00 sec ;    Heading #09 :  80.00 deg
     22:00:14.17  Period #35 :   2.50 sec ;    Heading #09 :  80.00 deg
     22:00:14.68  Period #36 :   2.00 sec ;    Heading #09 :  80.00 deg
     22:00:15.20  Period #01 :  60.00 sec ;    Heading #10 :  90.00 deg
     22:00:15.70  Period #02 :  30.00 sec ;    Heading #10 :  90.00 deg
     22:00:16.21  Period #03 :  25.00 sec ;    Heading #10 :  90.00 deg
     22:00:16.73  Period #04 :  20.00 sec ;    Heading #10 :  90.00 deg
     22:00:17.25  Period #05 :  19.00 sec ;    Heading #10 :  90.00 deg
     22:00:17.76  Period #06 :  18.00 sec ;    Heading #10 :  90.00 deg
     22:00:18.26  Period #07 :  17.00 sec ;    Heading #10 :  90.00 deg
     22:00:18.78  Period #08 :  16.00 sec ;    Heading #10 :  90.00 deg
     22:00:19.34  Period #09 :  15.50 sec ;    Heading #10 :  90.00 deg
     22:00:19.84  Period #10 :  15.00 sec ;    Heading #10 :  90.00 deg
     22:00:20.35  Period #11 :  14.50 sec ;    Heading #10 :  90.00 deg
     22:00:20.85  Period #12 :  14.00 sec ;    Heading #10 :  90.00 deg
     22:00:21.37  Period #13 :  13.50 sec ;    Heading #10 :  90.00 deg
     22:00:21.87  Period #14 :  13.00 sec ;    Heading #10 :  90.00 deg
     22:00:22.39  Period #15 :  12.50 sec ;    Heading #10 :  90.00 deg
     22:00:22.90  Period #16 :  12.00 sec ;    Heading #10 :  90.00 deg
     22:00:23.40  Period #17 :  11.50 sec ;    Heading #10 :  90.00 deg
     22:00:23.93  Period #18 :  11.00 sec ;    Heading #10 :  90.00 deg
     22:00:24.43  Period #19 :  10.50 sec ;    Heading #10 :  90.00 deg
     22:00:24.95  Period #20 :  10.00 sec ;    Heading #10 :  90.00 deg
     22:00:25.46  Period #21 :   9.50 sec ;    Heading #10 :  90.00 deg
     22:00:25.96  Period #22 :   9.00 sec ;    Heading #10 :  90.00 deg
     22:00:26.48  Period #23 :   8.50 sec ;    Heading #10 :  90.00 deg
     22:00:26.98  Period #24 :   8.00 sec ;    Heading #10 :  90.00 deg
     22:00:27.50  Period #25 :   7.50 sec ;    Heading #10 :  90.00 deg
     22:00:28.01  Period #26 :   7.00 sec ;    Heading #10 :  90.00 deg
     22:00:28.53  Period #27 :   6.50 sec ;    Heading #10 :  90.00 deg
     22:00:29.04  Period #28 :   6.00 sec ;    Heading #10 :  90.00 deg
     22:00:29.54  Period #29 :   5.50 sec ;    Heading #10 :  90.00 deg
     22:00:30.06  Period #30 :   5.00 sec ;    Heading #10 :  90.00 deg
     22:00:30.57  Period #31 :   4.50 sec ;    Heading #10 :  90.00 deg
     22:00:31.10  Period #32 :   4.00 sec ;    Heading #10 :  90.00 deg
     22:00:31.60  Period #33 :   3.50 sec ;    Heading #10 :  90.00 deg
     22:00:32.10  Period #34 :   3.00 sec ;    Heading #10 :  90.00 deg
     22:00:32.62  Period #35 :   2.50 sec ;    Heading #10 :  90.00 deg
     22:00:33.15  Period #36 :   2.00 sec ;    Heading #10 :  90.00 deg
     22:00:33.67  Period #01 :  60.00 sec ;    Heading #11 : 100.00 deg
     22:00:34.18  Period #02 :  30.00 sec ;    Heading #11 : 100.00 deg
     22:00:34.70  Period #03 :  25.00 sec ;    Heading #11 : 100.00 deg
     22:00:35.21  Period #04 :  20.00 sec ;    Heading #11 : 100.00 deg
     22:00:35.73  Period #05 :  19.00 sec ;    Heading #11 : 100.00 deg
     22:00:36.23  Period #06 :  18.00 sec ;    Heading #11 : 100.00 deg
     22:00:36.75  Period #07 :  17.00 sec ;    Heading #11 : 100.00 deg
     22:00:37.26  Period #08 :  16.00 sec ;    Heading #11 : 100.00 deg
     22:00:37.76  Period #09 :  15.50 sec ;    Heading #11 : 100.00 deg
     22:00:38.28  Period #10 :  15.00 sec ;    Heading #11 : 100.00 deg
     22:00:38.79  Period #11 :  14.50 sec ;    Heading #11 : 100.00 deg
     22:00:39.29  Period #12 :  14.00 sec ;    Heading #11 : 100.00 deg
     22:00:39.79  Period #13 :  13.50 sec ;    Heading #11 : 100.00 deg
     22:00:40.31  Period #14 :  13.00 sec ;    Heading #11 : 100.00 deg
     22:00:40.82  Period #15 :  12.50 sec ;    Heading #11 : 100.00 deg
     22:00:41.34  Period #16 :  12.00 sec ;    Heading #11 : 100.00 deg
     22:00:41.85  Period #17 :  11.50 sec ;    Heading #11 : 100.00 deg
     22:00:42.35  Period #18 :  11.00 sec ;    Heading #11 : 100.00 deg
     22:00:42.87  Period #19 :  10.50 sec ;    Heading #11 : 100.00 deg
     22:00:43.40  Period #20 :  10.00 sec ;    Heading #11 : 100.00 deg
     22:00:43.90  Period #21 :   9.50 sec ;    Heading #11 : 100.00 deg
     22:00:44.42  Period #22 :   9.00 sec ;    Heading #11 : 100.00 deg
     22:00:44.93  Period #23 :   8.50 sec ;    Heading #11 : 100.00 deg
     22:00:45.46  Period #24 :   8.00 sec ;    Heading #11 : 100.00 deg
     22:00:45.98  Period #25 :   7.50 sec ;    Heading #11 : 100.00 deg
     22:00:46.51  Period #26 :   7.00 sec ;    Heading #11 : 100.00 deg
     22:00:47.04  Period #27 :   6.50 sec ;    Heading #11 : 100.00 deg
     22:00:47.56  Period #28 :   6.00 sec ;    Heading #11 : 100.00 deg
     22:00:48.07  Period #29 :   5.50 sec ;    Heading #11 : 100.00 deg
     22:00:48.59  Period #30 :   5.00 sec ;    Heading #11 : 100.00 deg
     22:00:49.10  Period #31 :   4.50 sec ;    Heading #11 : 100.00 deg
     22:00:49.62  Period #32 :   4.00 sec ;    Heading #11 : 100.00 deg
     22:00:50.14  Period #33 :   3.50 sec ;    Heading #11 : 100.00 deg
     22:00:50.65  Period #34 :   3.00 sec ;    Heading #11 : 100.00 deg
     22:00:51.18  Period #35 :   2.50 sec ;    Heading #11 : 100.00 deg
     22:00:51.70  Period #36 :   2.00 sec ;    Heading #11 : 100.00 deg
     22:00:52.21  Period #01 :  60.00 sec ;    Heading #12 : 110.00 deg
     22:00:52.75  Period #02 :  30.00 sec ;    Heading #12 : 110.00 deg
     22:00:53.26  Period #03 :  25.00 sec ;    Heading #12 : 110.00 deg
     22:00:53.78  Period #04 :  20.00 sec ;    Heading #12 : 110.00 deg
     22:00:54.28  Period #05 :  19.00 sec ;    Heading #12 : 110.00 deg
     22:00:54.81  Period #06 :  18.00 sec ;    Heading #12 : 110.00 deg
     22:00:55.32  Period #07 :  17.00 sec ;    Heading #12 : 110.00 deg
     22:00:55.82  Period #08 :  16.00 sec ;    Heading #12 : 110.00 deg
     22:00:56.35  Period #09 :  15.50 sec ;    Heading #12 : 110.00 deg
     22:00:56.85  Period #10 :  15.00 sec ;    Heading #12 : 110.00 deg
     22:00:57.37  Period #11 :  14.50 sec ;    Heading #12 : 110.00 deg
     22:00:57.89  Period #12 :  14.00 sec ;    Heading #12 : 110.00 deg
     22:00:58.39  Period #13 :  13.50 sec ;    Heading #12 : 110.00 deg
     22:00:58.90  Period #14 :  13.00 sec ;    Heading #12 : 110.00 deg
     22:00:59.42  Period #15 :  12.50 sec ;    Heading #12 : 110.00 deg
     22:00:59.93  Period #16 :  12.00 sec ;    Heading #12 : 110.00 deg
     22:01:00.43  Period #17 :  11.50 sec ;    Heading #12 : 110.00 deg
     22:01:00.95  Period #18 :  11.00 sec ;    Heading #12 : 110.00 deg
     22:01:01.46  Period #19 :  10.50 sec ;    Heading #12 : 110.00 deg
     22:01:01.98  Period #20 :  10.00 sec ;    Heading #12 : 110.00 deg
     22:01:02.50  Period #21 :   9.50 sec ;    Heading #12 : 110.00 deg
     22:01:03.03  Period #22 :   9.00 sec ;    Heading #12 : 110.00 deg
     22:01:03.54  Period #23 :   8.50 sec ;    Heading #12 : 110.00 deg
     22:01:04.04  Period #24 :   8.00 sec ;    Heading #12 : 110.00 deg
     22:01:04.54  Period #25 :   7.50 sec ;    Heading #12 : 110.00 deg
     22:01:05.07  Period #26 :   7.00 sec ;    Heading #12 : 110.00 deg
     22:01:05.59  Period #27 :   6.50 sec ;    Heading #12 : 110.00 deg
     22:01:06.12  Period #28 :   6.00 sec ;    Heading #12 : 110.00 deg
     22:01:06.62  Period #29 :   5.50 sec ;    Heading #12 : 110.00 deg
     22:01:07.14  Period #30 :   5.00 sec ;    Heading #12 : 110.00 deg
     22:01:07.64  Period #31 :   4.50 sec ;    Heading #12 : 110.00 deg
     22:01:08.15  Period #32 :   4.00 sec ;    Heading #12 : 110.00 deg
     22:01:08.65  Period #33 :   3.50 sec ;    Heading #12 : 110.00 deg
     22:01:09.17  Period #34 :   3.00 sec ;    Heading #12 : 110.00 deg
     22:01:09.68  Period #35 :   2.50 sec ;    Heading #12 : 110.00 deg
     22:01:10.20  Period #36 :   2.00 sec ;    Heading #12 : 110.00 deg
     22:01:10.73  Period #01 :  60.00 sec ;    Heading #13 : 120.00 deg
     22:01:11.25  Period #02 :  30.00 sec ;    Heading #13 : 120.00 deg
     22:01:11.76  Period #03 :  25.00 sec ;    Heading #13 : 120.00 deg
     22:01:12.29  Period #04 :  20.00 sec ;    Heading #13 : 120.00 deg
     22:01:12.81  Period #05 :  19.00 sec ;    Heading #13 : 120.00 deg
     22:01:13.32  Period #06 :  18.00 sec ;    Heading #13 : 120.00 deg
     22:01:13.84  Period #07 :  17.00 sec ;    Heading #13 : 120.00 deg
     22:01:14.35  Period #08 :  16.00 sec ;    Heading #13 : 120.00 deg
     22:01:14.87  Period #09 :  15.50 sec ;    Heading #13 : 120.00 deg
     22:01:15.37  Period #10 :  15.00 sec ;    Heading #13 : 120.00 deg
     22:01:15.89  Period #11 :  14.50 sec ;    Heading #13 : 120.00 deg
     22:01:16.40  Period #12 :  14.00 sec ;    Heading #13 : 120.00 deg
     22:01:16.90  Period #13 :  13.50 sec ;    Heading #13 : 120.00 deg
     22:01:17.42  Period #14 :  13.00 sec ;    Heading #13 : 120.00 deg
     22:01:17.92  Period #15 :  12.50 sec ;    Heading #13 : 120.00 deg
     22:01:18.43  Period #16 :  12.00 sec ;    Heading #13 : 120.00 deg
     22:01:18.95  Period #17 :  11.50 sec ;    Heading #13 : 120.00 deg
     22:01:19.46  Period #18 :  11.00 sec ;    Heading #13 : 120.00 deg
     22:01:19.98  Period #19 :  10.50 sec ;    Heading #13 : 120.00 deg
     22:01:20.50  Period #20 :  10.00 sec ;    Heading #13 : 120.00 deg
     22:01:21.01  Period #21 :   9.50 sec ;    Heading #13 : 120.00 deg
     22:01:21.54  Period #22 :   9.00 sec ;    Heading #13 : 120.00 deg
     22:01:22.06  Period #23 :   8.50 sec ;    Heading #13 : 120.00 deg
     22:01:22.56  Period #24 :   8.00 sec ;    Heading #13 : 120.00 deg
     22:01:23.07  Period #25 :   7.50 sec ;    Heading #13 : 120.00 deg
     22:01:23.57  Period #26 :   7.00 sec ;    Heading #13 : 120.00 deg
     22:01:24.09  Period #27 :   6.50 sec ;    Heading #13 : 120.00 deg
     22:01:24.59  Period #28 :   6.00 sec ;    Heading #13 : 120.00 deg
     22:01:25.09  Period #29 :   5.50 sec ;    Heading #13 : 120.00 deg
     22:01:25.60  Period #30 :   5.00 sec ;    Heading #13 : 120.00 deg
     22:01:26.12  Period #31 :   4.50 sec ;    Heading #13 : 120.00 deg
     22:01:26.62  Period #32 :   4.00 sec ;    Heading #13 : 120.00 deg
     22:01:27.15  Period #33 :   3.50 sec ;    Heading #13 : 120.00 deg
     22:01:27.65  Period #34 :   3.00 sec ;    Heading #13 : 120.00 deg
     22:01:28.18  Period #35 :   2.50 sec ;    Heading #13 : 120.00 deg
     22:01:28.68  Period #36 :   2.00 sec ;    Heading #13 : 120.00 deg
     22:01:29.20  Period #01 :  60.00 sec ;    Heading #14 : 130.00 deg
     22:01:29.75  Period #02 :  30.00 sec ;    Heading #14 : 130.00 deg
     22:01:30.26  Period #03 :  25.00 sec ;    Heading #14 : 130.00 deg
     22:01:30.78  Period #04 :  20.00 sec ;    Heading #14 : 130.00 deg
     22:01:31.31  Period #05 :  19.00 sec ;    Heading #14 : 130.00 deg
     22:01:31.81  Period #06 :  18.00 sec ;    Heading #14 : 130.00 deg
     22:01:32.32  Period #07 :  17.00 sec ;    Heading #14 : 130.00 deg
     22:01:32.84  Period #08 :  16.00 sec ;    Heading #14 : 130.00 deg
     22:01:33.35  Period #09 :  15.50 sec ;    Heading #14 : 130.00 deg
     22:01:33.85  Period #10 :  15.00 sec ;    Heading #14 : 130.00 deg
     22:01:34.37  Period #11 :  14.50 sec ;    Heading #14 : 130.00 deg
     22:01:34.89  Period #12 :  14.00 sec ;    Heading #14 : 130.00 deg
     22:01:35.40  Period #13 :  13.50 sec ;    Heading #14 : 130.00 deg
     22:01:35.92  Period #14 :  13.00 sec ;    Heading #14 : 130.00 deg
     22:01:36.42  Period #15 :  12.50 sec ;    Heading #14 : 130.00 deg
     22:01:36.93  Period #16 :  12.00 sec ;    Heading #14 : 130.00 deg
     22:01:37.43  Period #17 :  11.50 sec ;    Heading #14 : 130.00 deg
     22:01:37.95  Period #18 :  11.00 sec ;    Heading #14 : 130.00 deg
     22:01:38.45  Period #19 :  10.50 sec ;    Heading #14 : 130.00 deg
     22:01:38.98  Period #20 :  10.00 sec ;    Heading #14 : 130.00 deg
     22:01:39.51  Period #21 :   9.50 sec ;    Heading #14 : 130.00 deg
     22:01:40.03  Period #22 :   9.00 sec ;    Heading #14 : 130.00 deg
     22:01:40.54  Period #23 :   8.50 sec ;    Heading #14 : 130.00 deg
     22:01:41.07  Period #24 :   8.00 sec ;    Heading #14 : 130.00 deg
     22:01:41.57  Period #25 :   7.50 sec ;    Heading #14 : 130.00 deg
     22:01:42.10  Period #26 :   7.00 sec ;    Heading #14 : 130.00 deg
     22:01:42.62  Period #27 :   6.50 sec ;    Heading #14 : 130.00 deg
     22:01:43.14  Period #28 :   6.00 sec ;    Heading #14 : 130.00 deg
     22:01:43.64  Period #29 :   5.50 sec ;    Heading #14 : 130.00 deg
     22:01:44.15  Period #30 :   5.00 sec ;    Heading #14 : 130.00 deg
     22:01:44.65  Period #31 :   4.50 sec ;    Heading #14 : 130.00 deg
     22:01:45.17  Period #32 :   4.00 sec ;    Heading #14 : 130.00 deg
     22:01:45.68  Period #33 :   3.50 sec ;    Heading #14 : 130.00 deg
     22:01:46.21  Period #34 :   3.00 sec ;    Heading #14 : 130.00 deg
     22:01:46.71  Period #35 :   2.50 sec ;    Heading #14 : 130.00 deg
     22:01:47.23  Period #36 :   2.00 sec ;    Heading #14 : 130.00 deg
     22:01:47.75  Period #01 :  60.00 sec ;    Heading #15 : 140.00 deg
     22:01:48.28  Period #02 :  30.00 sec ;    Heading #15 : 140.00 deg
     22:01:48.81  Period #03 :  25.00 sec ;    Heading #15 : 140.00 deg
     22:01:49.32  Period #04 :  20.00 sec ;    Heading #15 : 140.00 deg
     22:01:49.84  Period #05 :  19.00 sec ;    Heading #15 : 140.00 deg
     22:01:50.35  Period #06 :  18.00 sec ;    Heading #15 : 140.00 deg
     22:01:50.87  Period #07 :  17.00 sec ;    Heading #15 : 140.00 deg
     22:01:51.39  Period #08 :  16.00 sec ;    Heading #15 : 140.00 deg
     22:01:51.90  Period #09 :  15.50 sec ;    Heading #15 : 140.00 deg
     22:01:52.40  Period #10 :  15.00 sec ;    Heading #15 : 140.00 deg
     22:01:52.92  Period #11 :  14.50 sec ;    Heading #15 : 140.00 deg
     22:01:53.42  Period #12 :  14.00 sec ;    Heading #15 : 140.00 deg
     22:01:53.93  Period #13 :  13.50 sec ;    Heading #15 : 140.00 deg
     22:01:54.45  Period #14 :  13.00 sec ;    Heading #15 : 140.00 deg
     22:01:54.95  Period #15 :  12.50 sec ;    Heading #15 : 140.00 deg
     22:01:55.45  Period #16 :  12.00 sec ;    Heading #15 : 140.00 deg
     22:01:55.96  Period #17 :  11.50 sec ;    Heading #15 : 140.00 deg
     22:01:56.46  Period #18 :  11.00 sec ;    Heading #15 : 140.00 deg
     22:01:57.00  Period #19 :  10.50 sec ;    Heading #15 : 140.00 deg
     22:01:57.51  Period #20 :  10.00 sec ;    Heading #15 : 140.00 deg
     22:01:58.03  Period #21 :   9.50 sec ;    Heading #15 : 140.00 deg
     22:01:58.54  Period #22 :   9.00 sec ;    Heading #15 : 140.00 deg
     22:01:59.07  Period #23 :   8.50 sec ;    Heading #15 : 140.00 deg
     22:01:59.59  Period #24 :   8.00 sec ;    Heading #15 : 140.00 deg
     22:02:00.09  Period #25 :   7.50 sec ;    Heading #15 : 140.00 deg
     22:02:00.59  Period #26 :   7.00 sec ;    Heading #15 : 140.00 deg
     22:02:01.12  Period #27 :   6.50 sec ;    Heading #15 : 140.00 deg
     22:02:01.62  Period #28 :   6.00 sec ;    Heading #15 : 140.00 deg
     22:02:02.12  Period #29 :   5.50 sec ;    Heading #15 : 140.00 deg
     22:02:02.62  Period #30 :   5.00 sec ;    Heading #15 : 140.00 deg
     22:02:03.14  Period #31 :   4.50 sec ;    Heading #15 : 140.00 deg
     22:02:03.65  Period #32 :   4.00 sec ;    Heading #15 : 140.00 deg
     22:02:04.17  Period #33 :   3.50 sec ;    Heading #15 : 140.00 deg
     22:02:04.67  Period #34 :   3.00 sec ;    Heading #15 : 140.00 deg
     22:02:05.18  Period #35 :   2.50 sec ;    Heading #15 : 140.00 deg
     22:02:05.68  Period #36 :   2.00 sec ;    Heading #15 : 140.00 deg
     22:02:06.21  Period #01 :  60.00 sec ;    Heading #16 : 150.00 deg
     22:02:06.73  Period #02 :  30.00 sec ;    Heading #16 : 150.00 deg
     22:02:07.25  Period #03 :  25.00 sec ;    Heading #16 : 150.00 deg
     22:02:07.76  Period #04 :  20.00 sec ;    Heading #16 : 150.00 deg
     22:02:08.26  Period #05 :  19.00 sec ;    Heading #16 : 150.00 deg
     22:02:08.79  Period #06 :  18.00 sec ;    Heading #16 : 150.00 deg
     22:02:09.29  Period #07 :  17.00 sec ;    Heading #16 : 150.00 deg
     22:02:09.81  Period #08 :  16.00 sec ;    Heading #16 : 150.00 deg
     22:02:10.32  Period #09 :  15.50 sec ;    Heading #16 : 150.00 deg
     22:02:10.84  Period #10 :  15.00 sec ;    Heading #16 : 150.00 deg
     22:02:11.34  Period #11 :  14.50 sec ;    Heading #16 : 150.00 deg
     22:02:11.85  Period #12 :  14.00 sec ;    Heading #16 : 150.00 deg
     22:02:12.35  Period #13 :  13.50 sec ;    Heading #16 : 150.00 deg
     22:02:12.87  Period #14 :  13.00 sec ;    Heading #16 : 150.00 deg
     22:02:13.35  Period #15 :  12.50 sec ;    Heading #16 : 150.00 deg
     22:02:13.87  Period #16 :  12.00 sec ;    Heading #16 : 150.00 deg
     22:02:14.37  Period #17 :  11.50 sec ;    Heading #16 : 150.00 deg
     22:02:14.89  Period #18 :  11.00 sec ;    Heading #16 : 150.00 deg
     22:02:15.40  Period #19 :  10.50 sec ;    Heading #16 : 150.00 deg
     22:02:15.90  Period #20 :  10.00 sec ;    Heading #16 : 150.00 deg
     22:02:16.42  Period #21 :   9.50 sec ;    Heading #16 : 150.00 deg
     22:02:16.93  Period #22 :   9.00 sec ;    Heading #16 : 150.00 deg
     22:02:17.43  Period #23 :   8.50 sec ;    Heading #16 : 150.00 deg
     22:02:17.95  Period #24 :   8.00 sec ;    Heading #16 : 150.00 deg
     22:02:18.45  Period #25 :   7.50 sec ;    Heading #16 : 150.00 deg
     22:02:18.96  Period #26 :   7.00 sec ;    Heading #16 : 150.00 deg
     22:02:19.46  Period #27 :   6.50 sec ;    Heading #16 : 150.00 deg
     22:02:19.96  Period #28 :   6.00 sec ;    Heading #16 : 150.00 deg
     22:02:20.46  Period #29 :   5.50 sec ;    Heading #16 : 150.00 deg
     22:02:20.96  Period #30 :   5.00 sec ;    Heading #16 : 150.00 deg
     22:02:21.50  Period #31 :   4.50 sec ;    Heading #16 : 150.00 deg
     22:02:22.00  Period #32 :   4.00 sec ;    Heading #16 : 150.00 deg
     22:02:22.50  Period #33 :   3.50 sec ;    Heading #16 : 150.00 deg
     22:02:23.01  Period #34 :   3.00 sec ;    Heading #16 : 150.00 deg
     22:02:23.53  Period #35 :   2.50 sec ;    Heading #16 : 150.00 deg
     22:02:24.04  Period #36 :   2.00 sec ;    Heading #16 : 150.00 deg
     22:02:24.57  Period #01 :  60.00 sec ;    Heading #17 : 160.00 deg
     22:02:25.09  Period #02 :  30.00 sec ;    Heading #17 : 160.00 deg
     22:02:25.60  Period #03 :  25.00 sec ;    Heading #17 : 160.00 deg
     22:02:26.12  Period #04 :  20.00 sec ;    Heading #17 : 160.00 deg
     22:02:26.64  Period #05 :  19.00 sec ;    Heading #17 : 160.00 deg
     22:02:27.15  Period #06 :  18.00 sec ;    Heading #17 : 160.00 deg
     22:02:27.67  Period #07 :  17.00 sec ;    Heading #17 : 160.00 deg
     22:02:28.18  Period #08 :  16.00 sec ;    Heading #17 : 160.00 deg
     22:02:28.70  Period #09 :  15.50 sec ;    Heading #17 : 160.00 deg
     22:02:29.21  Period #10 :  15.00 sec ;    Heading #17 : 160.00 deg
     22:02:29.73  Period #11 :  14.50 sec ;    Heading #17 : 160.00 deg
     22:02:30.23  Period #12 :  14.00 sec ;    Heading #17 : 160.00 deg
     22:02:30.75  Period #13 :  13.50 sec ;    Heading #17 : 160.00 deg
     22:02:31.26  Period #14 :  13.00 sec ;    Heading #17 : 160.00 deg
     22:02:31.76  Period #15 :  12.50 sec ;    Heading #17 : 160.00 deg
     22:02:32.29  Period #16 :  12.00 sec ;    Heading #17 : 160.00 deg
     22:02:32.79  Period #17 :  11.50 sec ;    Heading #17 : 160.00 deg
     22:02:33.31  Period #18 :  11.00 sec ;    Heading #17 : 160.00 deg
     22:02:33.81  Period #19 :  10.50 sec ;    Heading #17 : 160.00 deg
     22:02:34.32  Period #20 :  10.00 sec ;    Heading #17 : 160.00 deg
     22:02:34.82  Period #21 :   9.50 sec ;    Heading #17 : 160.00 deg
     22:02:35.34  Period #22 :   9.00 sec ;    Heading #17 : 160.00 deg
     22:02:35.85  Period #23 :   8.50 sec ;    Heading #17 : 160.00 deg
     22:02:36.39  Period #24 :   8.00 sec ;    Heading #17 : 160.00 deg
     22:02:36.90  Period #25 :   7.50 sec ;    Heading #17 : 160.00 deg
     22:02:37.42  Period #26 :   7.00 sec ;    Heading #17 : 160.00 deg
     22:02:37.93  Period #27 :   6.50 sec ;    Heading #17 : 160.00 deg
     22:02:38.43  Period #28 :   6.00 sec ;    Heading #17 : 160.00 deg
     22:02:38.93  Period #29 :   5.50 sec ;    Heading #17 : 160.00 deg
     22:02:39.43  Period #30 :   5.00 sec ;    Heading #17 : 160.00 deg
     22:02:39.95  Period #31 :   4.50 sec ;    Heading #17 : 160.00 deg
     22:02:40.46  Period #32 :   4.00 sec ;    Heading #17 : 160.00 deg
     22:02:40.98  Period #33 :   3.50 sec ;    Heading #17 : 160.00 deg
     22:02:41.48  Period #34 :   3.00 sec ;    Heading #17 : 160.00 deg
     22:02:41.98  Period #35 :   2.50 sec ;    Heading #17 : 160.00 deg
     22:02:42.50  Period #36 :   2.00 sec ;    Heading #17 : 160.00 deg
     22:02:43.00  Period #01 :  60.00 sec ;    Heading #18 : 170.00 deg
     22:02:43.51  Period #02 :  30.00 sec ;    Heading #18 : 170.00 deg
     22:02:44.03  Period #03 :  25.00 sec ;    Heading #18 : 170.00 deg
     22:02:44.54  Period #04 :  20.00 sec ;    Heading #18 : 170.00 deg
     22:02:45.04  Period #05 :  19.00 sec ;    Heading #18 : 170.00 deg
     22:02:45.56  Period #06 :  18.00 sec ;    Heading #18 : 170.00 deg
     22:02:46.07  Period #07 :  17.00 sec ;    Heading #18 : 170.00 deg
     22:02:46.59  Period #08 :  16.00 sec ;    Heading #18 : 170.00 deg
     22:02:47.10  Period #09 :  15.50 sec ;    Heading #18 : 170.00 deg
     22:02:47.62  Period #10 :  15.00 sec ;    Heading #18 : 170.00 deg
     22:02:48.12  Period #11 :  14.50 sec ;    Heading #18 : 170.00 deg
     22:02:48.62  Period #12 :  14.00 sec ;    Heading #18 : 170.00 deg
     22:02:49.14  Period #13 :  13.50 sec ;    Heading #18 : 170.00 deg
     22:02:49.64  Period #14 :  13.00 sec ;    Heading #18 : 170.00 deg
     22:02:50.15  Period #15 :  12.50 sec ;    Heading #18 : 170.00 deg
     22:02:50.65  Period #16 :  12.00 sec ;    Heading #18 : 170.00 deg
     22:02:51.17  Period #17 :  11.50 sec ;    Heading #18 : 170.00 deg
     22:02:51.68  Period #18 :  11.00 sec ;    Heading #18 : 170.00 deg
     22:02:52.18  Period #19 :  10.50 sec ;    Heading #18 : 170.00 deg
     22:02:52.70  Period #20 :  10.00 sec ;    Heading #18 : 170.00 deg
     22:02:53.23  Period #21 :   9.50 sec ;    Heading #18 : 170.00 deg
     22:02:53.75  Period #22 :   9.00 sec ;    Heading #18 : 170.00 deg
     22:02:54.26  Period #23 :   8.50 sec ;    Heading #18 : 170.00 deg
     22:02:54.78  Period #24 :   8.00 sec ;    Heading #18 : 170.00 deg
     22:02:55.29  Period #25 :   7.50 sec ;    Heading #18 : 170.00 deg
     22:02:55.81  Period #26 :   7.00 sec ;    Heading #18 : 170.00 deg
     22:02:56.32  Period #27 :   6.50 sec ;    Heading #18 : 170.00 deg
     22:02:56.84  Period #28 :   6.00 sec ;    Heading #18 : 170.00 deg
     22:02:57.34  Period #29 :   5.50 sec ;    Heading #18 : 170.00 deg
     22:02:57.84  Period #30 :   5.00 sec ;    Heading #18 : 170.00 deg
     22:02:58.35  Period #31 :   4.50 sec ;    Heading #18 : 170.00 deg
     22:02:58.89  Period #32 :   4.00 sec ;    Heading #18 : 170.00 deg
     22:02:59.40  Period #33 :   3.50 sec ;    Heading #18 : 170.00 deg
     22:02:59.92  Period #34 :   3.00 sec ;    Heading #18 : 170.00 deg
     22:03:00.43  Period #35 :   2.50 sec ;    Heading #18 : 170.00 deg
     22:03:00.95  Period #36 :   2.00 sec ;    Heading #18 : 170.00 deg
     22:03:01.48  Period #01 :  60.00 sec ;    Heading #19 : 180.00 deg
     22:03:02.00  Period #02 :  30.00 sec ;    Heading #19 : 180.00 deg
     22:03:02.51  Period #03 :  25.00 sec ;    Heading #19 : 180.00 deg
     22:03:03.01  Period #04 :  20.00 sec ;    Heading #19 : 180.00 deg
     22:03:03.54  Period #05 :  19.00 sec ;    Heading #19 : 180.00 deg
     22:03:04.06  Period #06 :  18.00 sec ;    Heading #19 : 180.00 deg
     22:03:04.57  Period #07 :  17.00 sec ;    Heading #19 : 180.00 deg
     22:03:05.10  Period #08 :  16.00 sec ;    Heading #19 : 180.00 deg
     22:03:05.60  Period #09 :  15.50 sec ;    Heading #19 : 180.00 deg
     22:03:06.12  Period #10 :  15.00 sec ;    Heading #19 : 180.00 deg
     22:03:06.64  Period #11 :  14.50 sec ;    Heading #19 : 180.00 deg
     22:03:07.15  Period #12 :  14.00 sec ;    Heading #19 : 180.00 deg
     22:03:07.64  Period #13 :  13.50 sec ;    Heading #19 : 180.00 deg
     22:03:08.15  Period #14 :  13.00 sec ;    Heading #19 : 180.00 deg
     22:03:08.65  Period #15 :  12.50 sec ;    Heading #19 : 180.00 deg
     22:03:09.15  Period #16 :  12.00 sec ;    Heading #19 : 180.00 deg
     22:03:09.65  Period #17 :  11.50 sec ;    Heading #19 : 180.00 deg
     22:03:10.15  Period #18 :  11.00 sec ;    Heading #19 : 180.00 deg
     22:03:10.68  Period #19 :  10.50 sec ;    Heading #19 : 180.00 deg
     22:03:11.18  Period #20 :  10.00 sec ;    Heading #19 : 180.00 deg
     22:03:11.70  Period #21 :   9.50 sec ;    Heading #19 : 180.00 deg
     22:03:12.23  Period #22 :   9.00 sec ;    Heading #19 : 180.00 deg
     22:03:12.73  Period #23 :   8.50 sec ;    Heading #19 : 180.00 deg
     22:03:13.23  Period #24 :   8.00 sec ;    Heading #19 : 180.00 deg
     22:03:13.75  Period #25 :   7.50 sec ;    Heading #19 : 180.00 deg
     22:03:14.29  Period #26 :   7.00 sec ;    Heading #19 : 180.00 deg
     22:03:14.79  Period #27 :   6.50 sec ;    Heading #19 : 180.00 deg
     22:03:15.29  Period #28 :   6.00 sec ;    Heading #19 : 180.00 deg
     22:03:15.81  Period #29 :   5.50 sec ;    Heading #19 : 180.00 deg
     22:03:16.31  Period #30 :   5.00 sec ;    Heading #19 : 180.00 deg
     22:03:16.82  Period #31 :   4.50 sec ;    Heading #19 : 180.00 deg
     22:03:17.35  Period #32 :   4.00 sec ;    Heading #19 : 180.00 deg
     22:03:17.87  Period #33 :   3.50 sec ;    Heading #19 : 180.00 deg
     22:03:18.39  Period #34 :   3.00 sec ;    Heading #19 : 180.00 deg
     22:03:18.89  Period #35 :   2.50 sec ;    Heading #19 : 180.00 deg
     22:03:19.40  Period #36 :   2.00 sec ;    Heading #19 : 180.00 deg
     
     The program has completed successfully!
     
     
     Output of hydrostatic properties has been written to:
     d:\shipx\root\flea45c6d90\xshipc399d81c\loa7209f1e0\runs\rundc9edcb6\result\input.hyd
     
     The output has been written to:
     d:\shipx\root\flea45c6d90\xshipc399d81c\loa7209f1e0\runs\rundc9edcb6\result\input.out
     
     Motion transferfunction results are written to:
     d:\shipx\root\flea45c6d90\xshipc399d81c\loa7209f1e0\runs\rundc9edcb6\result\input.re1
     
     Added resistance results are written to:
     d:\shipx\root\flea45c6d90\xshipc399d81c\loa7209f1e0\runs\rundc9edcb6\result\input.re2
     
